[2019-11-18 21:24:14,941] DEBUG preRegister called. Server=com.sun.jmx.mbeanserver.JmxMBeanServer@66d3c617, name=log4j:logger=kafka.controller (kafka.controller)
[2019-11-18 21:27:45,706] INFO [ControllerEventThread controllerId=0] Starting (kafka.controller.ControllerEventManager$ControllerEventThread)
[2019-11-18 21:27:45,746] INFO [Controller id=0] 0 successfully elected as the controller. Epoch incremented to 1 and epoch zk version is now 1 (kafka.controller.KafkaController)
[2019-11-18 21:27:45,746] INFO [Controller id=0] Registering handlers (kafka.controller.KafkaController)
[2019-11-18 21:27:45,749] INFO [Controller id=0] Deleting log dir event notifications (kafka.controller.KafkaController)
[2019-11-18 21:27:45,759] INFO [Controller id=0] Deleting isr change notifications (kafka.controller.KafkaController)
[2019-11-18 21:27:45,763] INFO [Controller id=0] Initializing controller context (kafka.controller.KafkaController)
[2019-11-18 21:27:45,841] INFO [Controller id=0] Initialized broker epochs cache: Map(0 -> 24) (kafka.controller.KafkaController)
[2019-11-18 21:27:45,847] DEBUG [Controller id=0] Register BrokerModifications handler for Set(0) (kafka.controller.KafkaController)
[2019-11-18 21:27:45,856] DEBUG [Channel manager on controller 0]: Controller 0 trying to connect to broker 0 (kafka.controller.ControllerChannelManager)
[2019-11-18 21:27:45,876] INFO [Controller id=0] Partitions being reassigned: Map() (kafka.controller.KafkaController)
[2019-11-18 21:27:45,877] INFO [Controller id=0] Currently active brokers in the cluster: Set(0) (kafka.controller.KafkaController)
[2019-11-18 21:27:45,878] INFO [Controller id=0] Currently shutting brokers in the cluster: Set() (kafka.controller.KafkaController)
[2019-11-18 21:27:45,878] INFO [Controller id=0] Current list of topics in the cluster: Set() (kafka.controller.KafkaController)
[2019-11-18 21:27:45,878] INFO [Controller id=0] Fetching topic deletions in progress (kafka.controller.KafkaController)
[2019-11-18 21:27:45,880] INFO [RequestSendThread controllerId=0] Starting (kafka.controller.RequestSendThread)
[2019-11-18 21:27:45,883] INFO [Controller id=0] List of topics to be deleted:  (kafka.controller.KafkaController)
[2019-11-18 21:27:45,884] INFO [Controller id=0] List of topics ineligible for deletion:  (kafka.controller.KafkaController)
[2019-11-18 21:27:45,884] INFO [Controller id=0] Initializing topic deletion manager (kafka.controller.KafkaController)
[2019-11-18 21:27:45,884] INFO [Controller id=0] Sending update metadata request (kafka.controller.KafkaController)
[2019-11-18 21:27:45,911] INFO [ReplicaStateMachine controllerId=0] Initializing replica state (kafka.controller.ReplicaStateMachine)
[2019-11-18 21:27:45,912] INFO [ReplicaStateMachine controllerId=0] Triggering online replica state changes (kafka.controller.ReplicaStateMachine)
[2019-11-18 21:27:45,916] INFO [RequestSendThread controllerId=0] Controller 0 connected to ip-172-31-30-0.ap-southeast-1.compute.internal:9092 (id: 0 rack: null) for sending state change requests (kafka.controller.RequestSendThread)
[2019-11-18 21:27:45,922] INFO [ReplicaStateMachine controllerId=0] Started replica state machine with initial state -> Map() (kafka.controller.ReplicaStateMachine)
[2019-11-18 21:27:45,922] INFO [PartitionStateMachine controllerId=0] Initializing partition state (kafka.controller.PartitionStateMachine)
[2019-11-18 21:27:45,927] INFO [PartitionStateMachine controllerId=0] Triggering online partition state changes (kafka.controller.PartitionStateMachine)
[2019-11-18 21:27:45,930] INFO [PartitionStateMachine controllerId=0] Started partition state machine with initial state -> Map() (kafka.controller.PartitionStateMachine)
[2019-11-18 21:27:45,931] INFO [Controller id=0] Ready to serve as the new controller with epoch 1 (kafka.controller.KafkaController)
[2019-11-18 21:27:45,933] INFO [Controller id=0] Removing partitions Set() from the list of reassigned partitions in zookeeper (kafka.controller.KafkaController)
[2019-11-18 21:27:45,933] INFO [Controller id=0] No more partitions need to be reassigned. Deleting zk path /admin/reassign_partitions (kafka.controller.KafkaController)
[2019-11-18 21:27:45,937] INFO [Controller id=0] Partitions undergoing preferred replica election:  (kafka.controller.KafkaController)
[2019-11-18 21:27:45,938] INFO [Controller id=0] Partitions that completed preferred replica election:  (kafka.controller.KafkaController)
[2019-11-18 21:27:45,938] INFO [Controller id=0] Skipping preferred replica election for partitions due to topic deletion:  (kafka.controller.KafkaController)
[2019-11-18 21:27:45,938] INFO [Controller id=0] Resuming preferred replica election for partitions:  (kafka.controller.KafkaController)
[2019-11-18 21:27:45,939] INFO [Controller id=0] Starting preferred replica leader election for partitions  (kafka.controller.KafkaController)
[2019-11-18 21:27:45,961] INFO [Controller id=0] Starting the controller scheduler (kafka.controller.KafkaController)
[2019-11-18 21:27:50,963] TRACE [Controller id=0] Checking need to trigger auto leader balancing (kafka.controller.KafkaController)
[2019-11-18 21:27:50,964] DEBUG [Controller id=0] Preferred replicas by broker Map() (kafka.controller.KafkaController)
[2019-11-18 21:32:50,965] TRACE [Controller id=0] Checking need to trigger auto leader balancing (kafka.controller.KafkaController)
[2019-11-18 21:32:50,965] DEBUG [Controller id=0] Preferred replicas by broker Map() (kafka.controller.KafkaController)
[2019-11-18 21:35:20,167] DEBUG preRegister called. Server=com.sun.jmx.mbeanserver.JmxMBeanServer@66d3c617, name=log4j:logger=kafka.controller (kafka.controller)
[2019-11-18 21:35:20,762] INFO [Controller id=0] Shutting down broker 0 (kafka.controller.KafkaController)
[2019-11-18 21:35:20,763] DEBUG [Controller id=0] All shutting down brokers: 0 (kafka.controller.KafkaController)
[2019-11-18 21:35:20,763] DEBUG [Controller id=0] Live brokers:  (kafka.controller.KafkaController)
[2019-11-18 21:35:20,767] TRACE [Controller id=0] All leaders =  (kafka.controller.KafkaController)
[2019-11-18 21:35:21,936] INFO [ControllerEventThread controllerId=0] Shutting down (kafka.controller.ControllerEventManager$ControllerEventThread)
[2019-11-18 21:35:21,936] INFO [ControllerEventThread controllerId=0] Stopped (kafka.controller.ControllerEventManager$ControllerEventThread)
[2019-11-18 21:35:21,936] INFO [ControllerEventThread controllerId=0] Shutdown completed (kafka.controller.ControllerEventManager$ControllerEventThread)
[2019-11-18 21:35:21,936] DEBUG [Controller id=0] Resigning (kafka.controller.KafkaController)
[2019-11-18 21:35:21,937] DEBUG [Controller id=0] Unregister BrokerModifications handler for Set(0) (kafka.controller.KafkaController)
[2019-11-18 21:35:21,938] INFO [PartitionStateMachine controllerId=0] Stopped partition state machine (kafka.controller.PartitionStateMachine)
[2019-11-18 21:35:21,938] INFO [ReplicaStateMachine controllerId=0] Stopped replica state machine (kafka.controller.ReplicaStateMachine)
[2019-11-18 21:35:21,939] INFO [RequestSendThread controllerId=0] Shutting down (kafka.controller.RequestSendThread)
[2019-11-18 21:35:21,939] INFO [RequestSendThread controllerId=0] Stopped (kafka.controller.RequestSendThread)
[2019-11-18 21:35:21,939] INFO [RequestSendThread controllerId=0] Shutdown completed (kafka.controller.RequestSendThread)
[2019-11-18 21:35:21,941] INFO [Controller id=0] Resigned (kafka.controller.KafkaController)
